<?xml version="1.0" encoding="UTF-8"?>
<testng-results skipped="0" failed="0" total="1" passed="1">
  <reporter-output>
  </reporter-output>
  <suite name="Suite" duration-ms="6520" started-at="2019-03-14T01:08:28Z" finished-at="2019-03-14T01:08:35Z">
    <groups>
    </groups>
    <test name="Test" duration-ms="6520" started-at="2019-03-14T01:08:28Z" finished-at="2019-03-14T01:08:35Z">
      <class name="testBaidu.testBaidu">
        <test-method status="PASS" signature="openfire()[pri:0, instance:testBaidu.testBaidu@1bc6a36e]" name="openfire" is-config="true" duration-ms="4957" started-at="2019-03-14T09:08:28Z" finished-at="2019-03-14T09:08:33Z">
          <reporter-output>
          </reporter-output>
        </test-method> <!-- openfire -->
        <test-method status="PASS" signature="login()[pri:0, instance:testBaidu.testBaidu@1bc6a36e]" name="login" duration-ms="1536" started-at="2019-03-14T09:08:33Z" finished-at="2019-03-14T09:08:35Z">
          <reporter-output>
          </reporter-output>
        </test-method> <!-- login -->
      </class> <!-- testBaidu.testBaidu -->
    </test> <!-- Test -->
  </suite> <!-- Suite -->
</testng-results>
