<?xml version="1.0" encoding="UTF-8"?>
<testng-results skipped="0" failed="0" total="1" passed="1">
  <reporter-output>
  </reporter-output>
  <suite name="Suite" duration-ms="7055" started-at="2019-03-14T01:11:12Z" finished-at="2019-03-14T01:11:19Z">
    <groups>
    </groups>
    <test name="Test" duration-ms="7055" started-at="2019-03-14T01:11:12Z" finished-at="2019-03-14T01:11:19Z">
      <class name="testBaidu.testBaidu">
        <test-method status="PASS" signature="openfire()[pri:0, instance:testBaidu.testBaidu@1c2c22f3]" name="openfire" is-config="true" duration-ms="5523" started-at="2019-03-14T09:11:12Z" finished-at="2019-03-14T09:11:18Z">
          <reporter-output>
          </reporter-output>
        </test-method> <!-- openfire -->
        <test-method status="PASS" signature="login()[pri:0, instance:testBaidu.testBaidu@1c2c22f3]" name="login" duration-ms="1509" started-at="2019-03-14T09:11:18Z" finished-at="2019-03-14T09:11:19Z">
          <reporter-output>
          </reporter-output>
        </test-method> <!-- login -->
      </class> <!-- testBaidu.testBaidu -->
    </test> <!-- Test -->
  </suite> <!-- Suite -->
</testng-results>
